<?xml version="1.0" encoding="utf-8"?>
<ClinicalDocument xmlns="urn:hl7-org:v3" xmlns:xsi="http://www.w3.org/2001/XMLSchema-instance">

</ClinicalDocument>
