<?xml version="1.0" encoding="utf-8"?>
<ClinicalDocument xmlns="urn:hl7-org:v3" xmlns:xsi="http://www.w3.org/2001/XMLSchema-instance">
	<ca>
		<templateId root="1.3" assigningAuthorityName="ELGA" />
		<string_attr>anything</string_attr>
	</ca>
	<ca>
		<templateId root="1.3" assigningAuthorityName="ELGA" />
		<string_attr>anything</string_attr>
	</ca>
	<ca>
		<templateId root="1.3" assigningAuthorityName="ELGA" />
		<string_attr>anything</string_attr>
	</ca>
	<ca>
		<templateId root="1.3" assigningAuthorityName="ELGA" />
		<string_attr>something</string_attr>
	</ca>
</ClinicalDocument>
