<?xml version="1.0" encoding="utf-8"?>
<ClinicalDocument xmlns="urn:hl7-org:v3" xmlns:xsi="http://www.w3.org/2001/XMLSchema-instance">
	<templateId assigningAuthorityName="ELGA" root="1" />
	
	<ca2>
		<templateId root="1.3" assigningAuthorityName="ELGA" />
		<string_attr>anything</string_attr>
	</ca2>
	<ca2 string_attr="anything">
		<templateId root="1.3" assigningAuthorityName="ELGA" />
	</ca2>
</ClinicalDocument>
